#! c:/iverilog-x64/bin/vvp
:ivl_version "10.1 (stable)" "(v10_1_1)";
:ivl_delay_selection "TYPICAL";
:vpi_time_precision - 12;
:vpi_module "system";
:vpi_module "vhdl_sys";
:vpi_module "v2005_math";
:vpi_module "va_math";
S_00000000028a45c0 .scope module, "mel_filter_tb" "mel_filter_tb" 2 2;
 .timescale -9 -12;
P_0000000002899600 .param/l "COEF_WIDTH" 0 2 7, +C4<00000000000000000000000000001010>;
P_0000000002899638 .param/l "DATA_WIDTH" 0 2 6, +C4<00000000000000000000000000010010>;
P_0000000002899670 .param/l "MEL_WIDTH" 0 2 8, +C4<000000000000000000000000000011100>;
P_00000000028996a8 .param/l "N_FFT" 0 2 4, +C4<00000000000000000000001000000000>;
P_00000000028996e0 .param/l "N_FILTERS" 0 2 5, +C4<00000000000000000000000000101000>;
v00000000028a4030_0 .var "clk", 0 0;
v00000000028a3db0_0 .net "done", 0 0, v00000000028a3450_0;  1 drivers
v00000000028a3e50_0 .var "fft_power_in", 17 0;
v00000000028a3310_0 .net "filter_energy_flat", 1119 0, v00000000028a3a90_0;  1 drivers
v00000000028a3ef0_0 .var/i "i", 31 0;
v00000000028a4170_0 .var "in_valid", 0 0;
v00000000028a4210_0 .net "out_valid", 0 0, v00000000028a3950_0;  1 drivers
v00000000028a34f0_0 .var "rst", 0 0;
v00000000028faf30_0 .var "start", 0 0;
E_00000000028a6350 .event edge, v00000000028a3450_0;
S_000000000289ebc0 .scope module, "dut" "mel_filter_bank" 2 20, 3 1 0, S_00000000028a45c0;
 .timescale -9 -12;
    .port_info 0 /INPUT 1 "clk"
    .port_info 1 /INPUT 1 "rst"
    .port_info 2 /INPUT 1 "start"
    .port_info 3 /INPUT 18 "fft_power_in"
    .port_info 4 /INPUT 1 "in_valid"
    .port_info 5 /OUTPUT 1120 "filter_energy_flat"
    .port_info 6 /OUTPUT 1 "out_valid"
    .port_info 7 /OUTPUT 1 "done"
P_000000000289f120 .param/l "CALC" 1 3 35, C4<10>;
P_000000000289f158 .param/l "COEF_WIDTH" 0 3 5, +C4<00000000000000000000000000001010>;
P_000000000289f190 .param/l "COLLECT" 1 3 34, C4<01>;
P_000000000289f1c8 .param/l "DATA_WIDTH" 0 3 4, +C4<00000000000000000000000000010010>;
P_000000000289f200 .param/l "DONE" 1 3 36, C4<11>;
P_000000000289f238 .param/l "IDLE" 1 3 33, C4<00>;
P_000000000289f270 .param/l "MEL_WIDTH" 0 3 6, +C4<000000000000000000000000000011100>;
P_000000000289f2a8 .param/l "N_FFT" 0 3 2, +C4<00000000000000000000001000000000>;
P_000000000289f2e0 .param/l "N_FILTERS" 0 3 3, +C4<00000000000000000000000000101000>;
v00000000028a33b0_0 .net "clk", 0 0, v00000000028a4030_0;  1 drivers
v00000000028a3450_0 .var "done", 0 0;
v00000000028a36d0_0 .net "fft_power_in", 17 0, v00000000028a3e50_0;  1 drivers
v00000000028a3a90_0 .var "filter_energy_flat", 1119 0;
v00000000028a3810_0 .var/i "i", 31 0;
v00000000028a3770_0 .net "in_valid", 0 0, v00000000028a4170_0;  1 drivers
v00000000028a40d0_0 .var/i "j", 31 0;
v00000000028a3630 .array "mel_coeff", 20479 0, 9 0;
v00000000028a39f0 .array "mel_energy", 39 0, 27 0;
v00000000028a3950_0 .var "out_valid", 0 0;
v00000000028a3f90_0 .net "rst", 0 0, v00000000028a34f0_0;  1 drivers
v00000000028a3b30 .array "sample_buffer", 511 0, 17 0;
v00000000028a3bd0_0 .var "sample_idx", 8 0;
v00000000028a3c70_0 .net "start", 0 0, v00000000028faf30_0;  1 drivers
v00000000028a3d10_0 .var "state", 1 0;
E_00000000028a5790 .event posedge, v00000000028a3f90_0, v00000000028a33b0_0;
    .scope S_000000000289ebc0;
T_0 ;
    %vpi_call 3 27 "$readmemh", "rtl/mel_coeff/mel_coeffs.hex", v00000000028a3630 {0 0 0};
    %vpi_call 3 28 "$display", "DEBUG: mel_coeff[0] = %h", &A<v00000000028a3630, 0> {0 0 0};
    %end;
    .thread T_0;
    .scope S_000000000289ebc0;
T_1 ;
    %wait E_00000000028a5790;
    %load/vec4 v00000000028a3f90_0;
    %flag_set/vec4 8;
    %jmp/0xz  T_1.0, 8;
    %pushi/vec4 0, 0, 9;
    %assign/vec4 v00000000028a3bd0_0, 0;
    %pushi/vec4 0, 0, 1;
    %assign/vec4 v00000000028a3450_0, 0;
    %pushi/vec4 0, 0, 1;
    %assign/vec4 v00000000028a3950_0, 0;
    %pushi/vec4 0, 0, 2;
    %assign/vec4 v00000000028a3d10_0, 0;
    %jmp T_1.1;
T_1.0 ;
    %load/vec4 v00000000028a3d10_0;
    %dup/vec4;
    %pushi/vec4 0, 0, 2;
    %cmp/u;
    %jmp/1 T_1.2, 6;
    %dup/vec4;
    %pushi/vec4 1, 0, 2;
    %cmp/u;
    %jmp/1 T_1.3, 6;
    %dup/vec4;
    %pushi/vec4 2, 0, 2;
    %cmp/u;
    %jmp/1 T_1.4, 6;
    %dup/vec4;
    %pushi/vec4 3, 0, 2;
    %cmp/u;
    %jmp/1 T_1.5, 6;
    %jmp T_1.6;
T_1.2 ;
    %load/vec4 v00000000028a3c70_0;
    %flag_set/vec4 8;
    %jmp/0xz  T_1.7, 8;
    %pushi/vec4 0, 0, 9;
    %assign/vec4 v00000000028a3bd0_0, 0;
    %pushi/vec4 0, 0, 1;
    %assign/vec4 v00000000028a3450_0, 0;
    %pushi/vec4 0, 0, 1;
    %assign/vec4 v00000000028a3950_0, 0;
    %pushi/vec4 1, 0, 2;
    %assign/vec4 v00000000028a3d10_0, 0;
T_1.7 ;
    %jmp T_1.6;
T_1.3 ;
    %load/vec4 v00000000028a3770_0;
    %load/vec4 v00000000028a3bd0_0;
    %pad/u 32;
    %cmpi/u 512, 0, 32;
    %flag_get/vec4 5;
    %and;
    %flag_set/vec4 8;
    %jmp/0xz  T_1.9, 8;
    %load/vec4 v00000000028a36d0_0;
    %load/vec4 v00000000028a3bd0_0;
    %pad/u 11;
    %ix/vec4 3;
    %ix/load 4, 0, 0; Constant delay
    %assign/vec4/a/d v00000000028a3b30, 0, 4;
    %load/vec4 v00000000028a3bd0_0;
    %addi 1, 0, 9;
    %assign/vec4 v00000000028a3bd0_0, 0;
T_1.9 ;
    %load/vec4 v00000000028a3bd0_0;
    %pad/u 32;
    %cmpi/e 511, 0, 32;
    %jmp/0xz  T_1.11, 4;
    %pushi/vec4 2, 0, 2;
    %assign/vec4 v00000000028a3d10_0, 0;
T_1.11 ;
    %jmp T_1.6;
T_1.4 ;
    %pushi/vec4 0, 0, 32;
    %store/vec4 v00000000028a3810_0, 0, 32;
T_1.13 ;
    %load/vec4 v00000000028a3810_0;
    %cmpi/s 40, 0, 32;
    %jmp/0xz T_1.14, 5;
    %pushi/vec4 0, 0, 28;
    %ix/getv/s 4, v00000000028a3810_0;
    %store/vec4a v00000000028a39f0, 4, 0;
    %pushi/vec4 0, 0, 32;
    %store/vec4 v00000000028a40d0_0, 0, 32;
T_1.15 ;
    %load/vec4 v00000000028a40d0_0;
    %cmpi/s 512, 0, 32;
    %jmp/0xz T_1.16, 5;
    %ix/getv/s 4, v00000000028a3810_0;
    %load/vec4a v00000000028a39f0, 4;
    %ix/getv/s 4, v00000000028a40d0_0;
    %load/vec4a v00000000028a3b30, 4;
    %pad/u 28;
    %load/vec4 v00000000028a3810_0;
    %pad/s 65;
    %muli 512, 0, 65;
    %load/vec4 v00000000028a40d0_0;
    %pad/s 65;
    %add;
    %ix/vec4/s 4;
    %load/vec4a v00000000028a3630, 4;
    %pad/u 28;
    %mul;
    %add;
    %ix/getv/s 4, v00000000028a3810_0;
    %store/vec4a v00000000028a39f0, 4, 0;
    %load/vec4 v00000000028a40d0_0;
    %addi 1, 0, 32;
    %store/vec4 v00000000028a40d0_0, 0, 32;
    %jmp T_1.15;
T_1.16 ;
    %ix/getv/s 4, v00000000028a3810_0;
    %load/vec4a v00000000028a39f0, 4;
    %ix/load 5, 0, 0;
    %load/vec4 v00000000028a3810_0;
    %pad/s 33;
    %addi 1, 0, 33;
    %muli 28, 0, 33;
    %subi 1, 0, 33;
    %pad/s 35;
    %subi 27, 0, 35;
    %ix/vec4/s 4;
    %assign/vec4/off/d v00000000028a3a90_0, 4, 5;
    %vpi_call 3 75 "$display", "mel_energy[%0d] = %0d", v00000000028a3810_0, &A<v00000000028a39f0, v00000000028a3810_0 > {0 0 0};
    %load/vec4 v00000000028a3810_0;
    %addi 1, 0, 32;
    %store/vec4 v00000000028a3810_0, 0, 32;
    %jmp T_1.13;
T_1.14 ;
    %pushi/vec4 1, 0, 1;
    %assign/vec4 v00000000028a3950_0, 0;
    %pushi/vec4 1, 0, 1;
    %assign/vec4 v00000000028a3450_0, 0;
    %pushi/vec4 3, 0, 2;
    %assign/vec4 v00000000028a3d10_0, 0;
    %jmp T_1.6;
T_1.5 ;
    %pushi/vec4 0, 0, 1;
    %assign/vec4 v00000000028a3950_0, 0;
    %jmp T_1.6;
T_1.6 ;
    %pop/vec4 1;
T_1.1 ;
    %jmp T_1;
    .thread T_1;
    .scope S_00000000028a45c0;
T_2 ;
    %pushi/vec4 0, 0, 1;
    %store/vec4 v00000000028a4030_0, 0, 1;
    %end;
    .thread T_2;
    .scope S_00000000028a45c0;
T_3 ;
    %pushi/vec4 0, 0, 1;
    %store/vec4 v00000000028a34f0_0, 0, 1;
    %end;
    .thread T_3;
    .scope S_00000000028a45c0;
T_4 ;
    %pushi/vec4 0, 0, 1;
    %store/vec4 v00000000028faf30_0, 0, 1;
    %end;
    .thread T_4;
    .scope S_00000000028a45c0;
T_5 ;
    %pushi/vec4 0, 0, 1;
    %store/vec4 v00000000028a4170_0, 0, 1;
    %end;
    .thread T_5;
    .scope S_00000000028a45c0;
T_6 ;
    %delay 5000, 0;
    %load/vec4 v00000000028a4030_0;
    %inv;
    %store/vec4 v00000000028a4030_0, 0, 1;
    %jmp T_6;
    .thread T_6;
    .scope S_00000000028a45c0;
T_7 ;
    %vpi_call 2 36 "$display", "Starting Mel Filter TB..." {0 0 0};
    %pushi/vec4 1, 0, 1;
    %store/vec4 v00000000028a34f0_0, 0, 1;
    %delay 20000, 0;
    %pushi/vec4 0, 0, 1;
    %store/vec4 v00000000028a34f0_0, 0, 1;
    %delay 10000, 0;
    %pushi/vec4 1, 0, 1;
    %store/vec4 v00000000028faf30_0, 0, 1;
    %delay 10000, 0;
    %pushi/vec4 0, 0, 1;
    %store/vec4 v00000000028faf30_0, 0, 1;
    %pushi/vec4 0, 0, 32;
    %store/vec4 v00000000028a3ef0_0, 0, 32;
T_7.0 ;
    %load/vec4 v00000000028a3ef0_0;
    %cmpi/s 512, 0, 32;
    %jmp/0xz T_7.1, 5;
    %pushi/vec4 1, 0, 1;
    %store/vec4 v00000000028a4170_0, 0, 1;
    %load/vec4 v00000000028a3ef0_0;
    %addi 1, 0, 32;
    %pad/s 18;
    %store/vec4 v00000000028a3e50_0, 0, 18;
    %vpi_call 2 48 "$display", "Pushing input[%0d] = %0d", v00000000028a3ef0_0, v00000000028a3e50_0 {0 0 0};
    %delay 10000, 0;
    %load/vec4 v00000000028a3ef0_0;
    %addi 1, 0, 32;
    %store/vec4 v00000000028a3ef0_0, 0, 32;
    %jmp T_7.0;
T_7.1 ;
    %pushi/vec4 0, 0, 1;
    %store/vec4 v00000000028a4170_0, 0, 1;
T_7.2 ;
    %load/vec4 v00000000028a3db0_0;
    %cmpi/ne 1, 0, 1;
    %jmp/0xz T_7.3, 6;
    %wait E_00000000028a6350;
    %jmp T_7.2;
T_7.3 ;
    %vpi_call 2 56 "$display", "---------- MEL FILTER OUTPUT ----------" {0 0 0};
    %pushi/vec4 0, 0, 32;
    %store/vec4 v00000000028a3ef0_0, 0, 32;
T_7.4 ;
    %load/vec4 v00000000028a3ef0_0;
    %cmpi/s 40, 0, 32;
    %jmp/0xz T_7.5, 5;
    %load/vec4 v00000000028a3310_0;
    %load/vec4 v00000000028a3ef0_0;
    %pad/s 33;
    %addi 1, 0, 33;
    %muli 28, 0, 33;
    %subi 1, 0, 33;
    %pad/s 35;
    %subi 27, 0, 35;
    %part/s 28;
    %vpi_call 2 58 "$display", "Filter %0d energy = %0d", v00000000028a3ef0_0, S<0,vec4,u28> {1 0 0};
    %load/vec4 v00000000028a3ef0_0;
    %addi 1, 0, 32;
    %store/vec4 v00000000028a3ef0_0, 0, 32;
    %jmp T_7.4;
T_7.5 ;
    %vpi_call 2 61 "$finish" {0 0 0};
    %end;
    .thread T_7;
# The file index is used to find the file name in the following table.
:file_names 4;
    "N/A";
    "<interactive>";
    "sim/mel_filter_tb.v";
    "rtl/mel_filter_bank.v";
